=/pretest.json
{
  _: [],
  f: [
    '/home/runner/work/exp-ordinary-differential-equation-eulers-method-first-order-equation-iitb/exp-ordinary-differential-equation-eulers-method-first-order-equation-iitb/experiment/pretest.json'
  ],
  files: [
    '/home/runner/work/exp-ordinary-differential-equation-eulers-method-first-order-equation-iitb/exp-ordinary-differential-equation-eulers-method-first-order-equation-iitb/experiment/pretest.json'
  ],
  c: 'assessment',
  contentTypes: 'assessment',
  'content-types': 'assessment',
  '$0': 'validate'
}
Validated true
=/posttest.json
{
  _: [],
  f: [
    '/home/runner/work/exp-ordinary-differential-equation-eulers-method-first-order-equation-iitb/exp-ordinary-differential-equation-eulers-method-first-order-equation-iitb/experiment/posttest.json'
  ],
  files: [
    '/home/runner/work/exp-ordinary-differential-equation-eulers-method-first-order-equation-iitb/exp-ordinary-differential-equation-eulers-method-first-order-equation-iitb/experiment/posttest.json'
  ],
  c: 'assessment',
  contentTypes: 'assessment',
  'content-types': 'assessment',
  '$0': 'validate'
}
Validated true
